<?xml version="1.0" encoding="UTF-8"?>
<testng-results ignored="0" total="1" passed="1" failed="0" skipped="0">
  <reporter-output>
  </reporter-output>
  <suite started-at="2025-10-14T11:30:18 IST" name="Default suite" finished-at="2025-10-14T11:30:24 IST" duration-ms="5355">
    <groups>
    </groups>
    <test started-at="2025-10-14T11:30:18 IST" name="Default test" finished-at="2025-10-14T11:30:24 IST" duration-ms="5355">
      <class name="test_pkg_tribesindia.LogoDisplay_test">
        <test-method signature="test()[pri:0, instance:test_pkg_tribesindia.LogoDisplay_test@77888435]" started-at="2025-10-14T11:30:19 IST" name="test" finished-at="2025-10-14T11:30:24 IST" duration-ms="5291" status="PASS">
          <reporter-output>
          </reporter-output>
        </test-method> <!-- test -->
      </class> <!-- test_pkg_tribesindia.LogoDisplay_test -->
    </test> <!-- Default test -->
  </suite> <!-- Default suite -->
</testng-results>
